<?xml version="1.0" encoding="UTF-8"?>
<testsuite name="RemoteControlCarTest" tests="3" skipped="0" failures="0" errors="0" timestamp="2021-12-04T01:56:04" hostname="WenRuis-MacBook.local" time="0.189">
  <properties/>
  <testcase name="race" classname="RemoteControlCarTest" time="0.178"/>
  <testcase name="rankCars" classname="RemoteControlCarTest" time="0.003"/>
  <testcase name="ensureCarsAreComparables" classname="RemoteControlCarTest" time="0.006"/>
  <system-out><![CDATA[]]></system-out>
  <system-err><![CDATA[]]></system-err>
</testsuite>
