<?xml version="1.0" encoding="UTF-8"?>
<testsuite name="RemoteControlCarTest" tests="3" skipped="0" failures="0" errors="0" timestamp="2021-12-02T04:45:43" hostname="WenRuis-MacBook.local" time="0.074">
  <properties/>
  <testcase name="race" classname="RemoteControlCarTest" time="0.066"/>
  <testcase name="rankCars" classname="RemoteControlCarTest" time="0.003"/>
  <testcase name="ensureCarsAreComparables" classname="RemoteControlCarTest" time="0.004"/>
  <system-out><![CDATA[]]></system-out>
  <system-err><![CDATA[]]></system-err>
</testsuite>
