<?xml version="1.0" encoding="UTF-8"?>
<testsuite name="MatrixTest" tests="8" skipped="0" failures="0" errors="0" timestamp="2021-11-30T02:31:42" hostname="WenRuis-MacBook.local" time="0.021">
  <properties/>
  <testcase name="extractRowFromOneNumberMatrixTest" classname="MatrixTest" time="0.009"/>
  <testcase name="extractRowFromDiffWidthsMatrixTest" classname="MatrixTest" time="0.001"/>
  <testcase name="extractColumnFromNonSquareMatrixTest" classname="MatrixTest" time="0.003"/>
  <testcase name="extractColumnFromDiffWidthsMatrixTest" classname="MatrixTest" time="0.001"/>
  <testcase name="extractColumnMatrixTest" classname="MatrixTest" time="0.0"/>
  <testcase name="extractRowFromMatrixTest" classname="MatrixTest" time="0.0"/>
  <testcase name="extractColumnFromOneNumberMatrixTest" classname="MatrixTest" time="0.001"/>
  <testcase name="extractRowFromNonSquareMatrixTest" classname="MatrixTest" time="0.001"/>
  <system-out><![CDATA[]]></system-out>
  <system-err><![CDATA[]]></system-err>
</testsuite>
