<?xml version="1.0" encoding="UTF-8"?>
<testsuite name="BinarySearchTest" tests="11" skipped="0" failures="0" errors="0" timestamp="2021-12-03T19:16:02" hostname="WenRuis-MacBook.local" time="0.463">
  <properties/>
  <testcase name="identifiesThatAValueIsNotFoundInTheArray" classname="BinarySearchTest" time="0.442"/>
  <testcase name="nothingIsFoundWhenTheLeftAndRightBoundCross" classname="BinarySearchTest" time="0.002"/>
  <testcase name="findsAValueInAnArrayWithOneElement" classname="BinarySearchTest" time="0.001"/>
  <testcase name="aValueLargerThanTheArraysSmallestValueIsNotFound" classname="BinarySearchTest" time="0.002"/>
  <testcase name="findsAValueInAnArrayOfOddLength" classname="BinarySearchTest" time="0.001"/>
  <testcase name="findsAValueAtTheEndOfAnArray" classname="BinarySearchTest" time="0.0"/>
  <testcase name="aValueSmallerThanTheArraysSmallestValueIsNotFound" classname="BinarySearchTest" time="0.002"/>
  <testcase name="findsAValueInAnArrayOfEvenLength" classname="BinarySearchTest" time="0.002"/>
  <testcase name="findsAValueAtTheBeginningOfAnArray" classname="BinarySearchTest" time="0.0"/>
  <testcase name="nothingIsFoundInAnEmptyArray" classname="BinarySearchTest" time="0.002"/>
  <testcase name="findsAValueInTheMiddleOfAnArray" classname="BinarySearchTest" time="0.002"/>
  <system-out><![CDATA[]]></system-out>
  <system-err><![CDATA[]]></system-err>
</testsuite>
