<?xml version="1.0" encoding="UTF-8"?>
<testsuite name="TwoferTest" tests="5" skipped="0" failures="0" errors="0" timestamp="2021-11-04T14:32:58" hostname="WenRuis-MacBook.local" time="0.485">
  <properties/>
  <testcase name="noNameGiven" classname="TwoferTest" time="0.472"/>
  <testcase name="James" classname="TwoferTest" time="0.005"/>
  <testcase name="emptyStringIsNotTheSameAsNull" classname="TwoferTest" time="0.001"/>
  <testcase name="aNameGiven" classname="TwoferTest" time="0.003"/>
  <testcase name="anotherNameGiven" classname="TwoferTest" time="0.001"/>
  <system-out><![CDATA[]]></system-out>
  <system-err><![CDATA[]]></system-err>
</testsuite>
